<?xml version="1.0" encoding="UTF-8"?>
<testsuite xmlns:xsi="http://www.w3.org/2001/XMLSchema-instance" xsi:noNamespaceSchemaLocation="https://maven.apache.org/surefire/maven-surefire-plugin/xsd/surefire-test-report.xsd" version="3.0.2" name="se.oidc.oidfed.md.wallet.credentialissuer.CredentialIssuerMetadataTest" time="0.338" tests="3" errors="0" skipped="0" failures="0">
  <properties>
[...]
</properties>
  <testcase name="testIsoMdlCredentialIssuerMetadata" classname="se.oidc.oidfed.md.wallet.credentialissuer.CredentialIssuerMetadataTest" time="0.297">
    <system-err><![CDATA[[main] INFO se.oidc.oidfed.md.wallet.credentialissuer.CredentialIssuerMetadataTest - ISO mDL Credential Issuer Metadata: 
{
  "signed_metadata" : "signed_metadata_jwt",
  "credential_issuer" : "https://example.com/credential-issuer",
  "credential_response_encryption" : {
    "alg_values_supported" : [ "RS256", "ES256" ],
    "enc_values_supported" : [ "algo1", "algo2" ],
    "encryption_required" : false
  },
  "display" : {
    "name" : "Credential Issuer Name",
    "locale" : "en",
    "logo" : {
      "uri" : "https://example.com/logo",
      "alt_text" : "Logo"
    }
  },
  "batch_credential_issuance" : {
    "batch_size" : 100
  },
  "notification_endpoint" : "https://example.com/notification-endpoint",
  "credential_configurations_supported" : {
    "org.iso.18013.5.1.mDL" : {
      "format" : "vc+sd-jwt",
      "scope" : "org.iso.18013.5.1.mDL",
      "cryptographic_binding_methods_supported" : [ "binding1", "binding2" ],
      "credential_signing_alg_values_supported" : [ "RS256", "ES256" ],
      "proof_types_supported" : {
        "jwt" : {
          "proof_signing_alg_values_supported" : [ "ES256" ]
        }
      },
      "display" : [ {
        "name" : "Credential name",
        "locale" : "sv",
        "logo" : {
          "uri" : "https://example.com/logo",
          "alt_text" : "Logo"
        },
        "description" : "Description",
        "background_color" : "#000000",
        "background_image" : {
          "uri" : "https://example.com/background-image"
        },
        "text_color" : "#FFFFFF"
      } ],
      "doctype" : "org.iso.18013.5.1.mDL",
      "claims" : {
        "org.iso.18013.5.1" : {
          "given_name" : {
            "mandatory" : true,
            "value_type" : "text",
            "display" : [ {
              "name" : "Given Name",
              "locale" : "en"
            }, {
              "name" : "Förnamn",
              "locale" : "sv"
            } ]
          },
          "family_name" : {
            "mandatory" : true,
            "value_type" : "text",
            "display" : [ {
              "name" : "Surname",
              "locale" : "en"
            }, {
              "name" : "Efternamn",
              "locale" : "sv"
            } ]
          }
        },
        "org.iso.18013.5.1.aamva" : {
          "organ_donor" : { }
        }
      },
      "order" : [ "given_name", "family_name" ]
    }
  },
  "deferred_credential_endpoint" : "https://example.com/deferred-credential-endpoint",
  "authorization_servers" : [ "https://example.com/as-server" ],
  "credential_endpoint" : "https://example.com/credential-endpoint"
}
]]></system-err>
  </testcase>
  <testcase name="testJsonLdCredentialIssuerMetadata" classname="se.oidc.oidfed.md.wallet.credentialissuer.CredentialIssuerMetadataTest" time="0.007">
    <system-err><![CDATA[[main] INFO se.oidc.oidfed.md.wallet.credentialissuer.CredentialIssuerMetadataTest - JSON-LD Credential Issuer Metadata: 
{
  "signed_metadata" : "signed_metadata_jwt",
  "credential_issuer" : "https://example.com/credential-issuer",
  "credential_response_encryption" : {
    "alg_values_supported" : [ "RS256", "ES256" ],
    "enc_values_supported" : [ "algo1", "algo2" ],
    "encryption_required" : false
  },
  "display" : {
    "name" : "Credential Issuer Name",
    "locale" : "en",
    "logo" : {
      "uri" : "https://example.com/logo",
      "alt_text" : "Logo"
    }
  },
  "batch_credential_issuance" : {
    "batch_size" : 100
  },
  "notification_endpoint" : "https://example.com/notification-endpoint",
  "credential_configurations_supported" : {
    "UniversityDegree_LDP_VC" : {
      "format" : "ldp_vc",
      "scope" : "UniversityDegree_LDP_VC",
      "cryptographic_binding_methods_supported" : [ "binding1", "binding2" ],
      "credential_signing_alg_values_supported" : [ "RS256", "ES256" ],
      "proof_types_supported" : {
        "jwt" : {
          "proof_signing_alg_values_supported" : [ "ES256" ]
        }
      },
      "display" : [ {
        "name" : "Credential name",
        "locale" : "sv",
        "logo" : {
          "uri" : "https://example.com/logo",
          "alt_text" : "Logo"
        },
        "description" : "Description",
        "background_color" : "#000000",
        "background_image" : {
          "uri" : "https://example.com/background-image"
        },
        "text_color" : "#FFFFFF"
      } ],
      "credential_definition" : {
        "@context" : [ "https://www.w3.org/2018/credentials/v1", "https://www.w3.org/2018/credentials/examples/v1" ],
        "type" : [ "VerifiableCredential", "UniversityDegreeCredential" ],
        "credentialSubject" : {
          "given_name" : {
            "mandatory" : true,
            "value_type" : "text",
            "display" : [ {
              "name" : "Given Name",
              "locale" : "en"
            }, {
              "name" : "Förnamn",
              "locale" : "sv"
            } ]
          },
          "family_name" : {
            "mandatory" : true,
            "value_type" : "text",
            "display" : [ {
              "name" : "Surname",
              "locale" : "en"
            }, {
              "name" : "Efternamn",
              "locale" : "sv"
            } ]
          }
        }
      },
      "order" : [ "given_name", "family_name" ]
    }
  },
  "deferred_credential_endpoint" : "https://example.com/deferred-credential-endpoint",
  "authorization_servers" : [ "https://example.com/as-server" ],
  "credential_endpoint" : "https://example.com/credential-endpoint"
}
]]></system-err>
  </testcase>
  <testcase name="testSdJwtCredentialIssuerMetadata" classname="se.oidc.oidfed.md.wallet.credentialissuer.CredentialIssuerMetadataTest" time="0.004">
    <system-err><![CDATA[[main] INFO se.oidc.oidfed.md.wallet.credentialissuer.CredentialIssuerMetadataTest - JD JWT Credential Issuer Metadata: 
{
  "signed_metadata" : "signed_metadata_jwt",
  "credential_issuer" : "https://example.com/credential-issuer",
  "credential_response_encryption" : {
    "alg_values_supported" : [ "RS256", "ES256" ],
    "enc_values_supported" : [ "algo1", "algo2" ],
    "encryption_required" : false
  },
  "display" : {
    "name" : "Credential Issuer Name",
    "locale" : "en",
    "logo" : {
      "uri" : "https://example.com/logo",
      "alt_text" : "Logo"
    }
  },
  "batch_credential_issuance" : {
    "batch_size" : 100
  },
  "notification_endpoint" : "https://example.com/notification-endpoint",
  "credential_configurations_supported" : {
    "SD_JWT_VC_example_in_OpenID4VCI" : {
      "format" : "vc+sd-jwt",
      "scope" : "SD_JWT_VC_example_in_OpenID4VCI",
      "cryptographic_binding_methods_supported" : [ "binding1", "binding2" ],
      "credential_signing_alg_values_supported" : [ "RS256", "ES256" ],
      "proof_types_supported" : {
        "jwt" : {
          "proof_signing_alg_values_supported" : [ "ES256" ]
        }
      },
      "display" : [ {
        "name" : "Credential name",
        "locale" : "sv",
        "logo" : {
          "uri" : "https://example.com/logo",
          "alt_text" : "Logo"
        },
        "description" : "Description",
        "background_color" : "#000000",
        "background_image" : {
          "uri" : "https://example.com/background-image"
        },
        "text_color" : "#FFFFFF"
      } ],
      "vct" : "SD_JWT_VC_example_in_OpenID4VCI",
      "claims" : {
        "given_name" : {
          "mandatory" : true,
          "value_type" : "text",
          "display" : [ {
            "name" : "Given Name",
            "locale" : "en"
          }, {
            "name" : "Förnamn",
            "locale" : "sv"
          } ]
        },
        "family_name" : {
          "mandatory" : true,
          "value_type" : "text",
          "display" : [ {
            "name" : "Surname",
            "locale" : "en"
          }, {
            "name" : "Efternamn",
            "locale" : "sv"
          } ]
        }
      },
      "order" : [ "given_name", "family_name" ]
    }
  },
  "deferred_credential_endpoint" : "https://example.com/deferred-credential-endpoint",
  "authorization_servers" : [ "https://example.com/as-server" ],
  "credential_endpoint" : "https://example.com/credential-endpoint"
}
]]></system-err>
  </testcase>
</testsuite>