<?xml version="1.0" encoding="UTF-8"?>
<testsuite xmlns:xsi="http://www.w3.org/2001/XMLSchema-instance" xsi:noNamespaceSchemaLocation="https://maven.apache.org/surefire/maven-surefire-plugin/xsd/surefire-test-report.xsd" version="3.0.2" name="se.oidc.oidfed.md.wallet.credentialissuer.WalletOAuthClientMetadataTest" time="0.261" tests="3" errors="0" skipped="0" failures="0">
  <properties>
[...]
</properties>
  <testcase name="testClientOAuthMetadata" classname="se.oidc.oidfed.md.wallet.credentialissuer.WalletOAuthClientMetadataTest" time="0.034">
    <system-err><![CDATA[[main] INFO se.oidc.oidfed.md.wallet.credentialissuer.WalletOAuthClientMetadataTest - Client metadata: 
{
  "organization_name" : "Organization inc",
  "grant_types" : [ "grant1", "grant2" ],
  "organization_name#sv" : "Organisation AB",
  "organization_name#en" : "Organization inc",
  "scope" : "scope"
}
]]></system-err>
  </testcase>
  <testcase name="testWalletMetadata" classname="se.oidc.oidfed.md.wallet.credentialissuer.WalletOAuthClientMetadataTest" time="0.004">
    <system-err><![CDATA[[main] INFO se.oidc.oidfed.md.wallet.credentialissuer.WalletOAuthClientMetadataTest - Client metadata: 
{
  "credential_offer_endpoint" : "https://example.com/credential-offer-endpoint",
  "grant_types" : [ "grant1", "grant2" ],
  "organization_name#sv" : "Organisation AB",
  "scope" : "scope",
  "organization_name" : "Organization inc",
  "organization_name#en" : "Organization inc"
}
]]></system-err>
  </testcase>
  <testcase name="testReaslisticWalletMetadata" classname="se.oidc.oidfed.md.wallet.credentialissuer.WalletOAuthClientMetadataTest" time="0.22">
    <system-err><![CDATA[[main] INFO se.oidc.oidfed.md.wallet.credentialissuer.WalletOAuthClientMetadataTest - Client metadata: 
{
  "software_id" : "se-eudiwallet",
  "redirect_uris" : [ "https://example.com/redirectUri" ],
  "software_version" : "0.0.1",
  "jwks" : {
    "keys" : [ {
      "kty" : "EC",
      "crv" : "P-256",
      "kid" : "wallet-1",
      "x" : "VAIwQDxtPfh_057RJTW2WLafL9q9zQOr7krIt50c-hQ",
      "y" : "SawPLbJ_tb_iTS9tGXuR6iteg1uhYo1Brra4nlUYqJw"
    } ]
  },
  "grant_types" : [ "authorization_code" ],
  "token_endpoint_auth_method" : "private_key_jwt"
}
]]></system-err>
  </testcase>
</testsuite>